<?xml version="1.0" encoding="UTF-8" standalone="no"?>
<testsuite failures="0" name="cucumber.runtime.formatter.JUnitFormatter" skipped="0" tests="1" time="5.939881">
<testcase classname="Login" name="Test Login" time="5.939881">
<system-out><![CDATA[Given user launching login screen...........................................passed
When user enter with credentials............................................passed
Then verify login status....................................................passed
]]></system-out>
</testcase>
</testsuite>
